This is pdfTeX, Version 3.14159265-2.6-1.40.19 (TeX Live 2018/Arch Linux) (preloaded format=latex)
 restricted \write18 enabled.
entering extended mode
(./89-663l2019-03-06.tex
LaTeX2e <2018-04-01> patch level 5

This is pdfTeX, Version 3.14159265-2.6-1.40.19 (TeX Live 2018/Arch Linux) (preloaded format=latex)
 restricted \write18 enabled.
entering extended mode
(./89-663l2019-03-06.tex
LaTeX2e <2018-04-01> patch level 5

This is pdfTeX, Version 3.14159265-2.6-1.40.19 (TeX Live 2018/Arch Linux) (preloaded format=latex)
 restricted \write18 enabled.
entering extended mode
(./89-663l2019-03-06.tex
LaTeX2e <2018-04-01> patch level 5

This is pdfTeX, Version 3.14159265-2.6-1.40.19 (TeX Live 2018/Arch Linux) (preloaded format=latex)
 restricted \write18 enabled.
entering extended mode
(./89-663l2019-03-06.tex
LaTeX2e <2018-04-01> patch level 5

This is pdfTeX, Version 3.14159265-2.6-1.40.19 (TeX Live 2018/Arch Linux) (preloaded format=latex)
 restricted \write18 enabled.
entering extended mode
(./89-663l2019-03-06.tex
LaTeX2e <2018-04-01> patch level 5

Traceback (most recent call last):
  File "/usr/share/lyx/scripts/convertDefault.py", line 38, in <module>
    output = output.decode()
AttributeError: 'str' object has no attribute 'decode'
Systemcall.cpp (276): Systemcall: 'python -tt "/usr/share/lyx/scripts/convertDefault.py" png "/tmp/lyx_tmpdir.FahFDokfagsk/lyx_tmpbuf0/0_files_study_lesson-notes_master_89-663-computer-graphics_pasted1.png" eps "/tmp/lyx_tmpdir.FahFDokfagsk/lyx_tmpbuf0/0_files_study_lesson-notes_master_89-663-computer-graphics_pasted1.eps"' finished with exit code 1
Error: Cannot convert file
----------------------------------------
No information for converting png format files to eps.
Define a converter in the preferences.
This is pdfTeX, Version 3.14159265-2.6-1.40.19 (TeX Live 2018/Arch Linux) (preloaded format=latex)
 restricted \write18 enabled.
entering extended mode
(./89-663l2019-03-06.tex
LaTeX2e <2018-04-01> patch level 5

Systemcall.cpp (276): Systemcall: 'latex "89-663l2019-03-06.tex"' finished with exit code 1
This is pdfTeX, Version 3.14159265-2.6-1.40.19 (TeX Live 2018/Arch Linux) (preloaded format=pdflatex)
 restricted \write18 enabled.
entering extended mode
(./89-663l2019-03-06.tex
LaTeX2e <2018-04-01> patch level 5

Systemcall.cpp (276): Systemcall: 'pdflatex  "89-663l2019-03-06.tex"' finished with exit code 1
This is pdfTeX, Version 3.14159265-2.6-1.40.19 (TeX Live 2018/Arch Linux) (preloaded format=pdflatex)
 restricted \write18 enabled.
entering extended mode
(./89-663l2019-03-06.tex
LaTeX2e <2018-04-01> patch level 5

Systemcall.cpp (276): Systemcall: 'pdflatex  "89-663l2019-03-06.tex"' finished with exit code 1
Traceback (most recent call last):
  File "/usr/share/lyx/scripts/convertDefault.py", line 38, in <module>
    output = output.decode()
AttributeError: 'str' object has no attribute 'decode'
Systemcall.cpp (276): Systemcall: 'python -tt "/usr/share/lyx/scripts/convertDefault.py" png "/tmp/lyx_tmpdir.FahFDokfagsk/lyx_tmpbuf0/0_files_study_lesson-notes_master_89-663-computer-graphics_pasted1.png" eps "/tmp/lyx_tmpdir.FahFDokfagsk/lyx_tmpbuf0/0_files_study_lesson-notes_master_89-663-computer-graphics_pasted1.eps"' finished with exit code 1
This is pdfTeX, Version 3.14159265-2.6-1.40.19 (TeX Live 2018/Arch Linux) (preloaded format=latex)
 restricted \write18 enabled.
entering extended mode
(./89-663l2019-03-06.tex
LaTeX2e <2018-04-01> patch level 5

Systemcall.cpp (276): Systemcall: 'latex "89-663l2019-03-06.tex"' finished with exit code 1
Traceback (most recent call last):
  File "/usr/share/lyx/scripts/convertDefault.py", line 38, in <module>
    output = output.decode()
AttributeError: 'str' object has no attribute 'decode'
Systemcall.cpp (276): Systemcall: 'python -tt "/usr/share/lyx/scripts/convertDefault.py" png "/tmp/lyx_tmpdir.FahFDokfagsk/lyx_tmpbuf0/0_files_study_lesson-notes_master_89-663-computer-graphics_pasted1.png" eps "/tmp/lyx_tmpdir.FahFDokfagsk/lyx_tmpbuf0/0_files_study_lesson-notes_master_89-663-computer-graphics_pasted1.eps"' finished with exit code 1
This is pdfTeX, Version 3.14159265-2.6-1.40.19 (TeX Live 2018/Arch Linux) (preloaded format=latex)
 restricted \write18 enabled.
entering extended mode
(./89-663l2019-03-06.tex
LaTeX2e <2018-04-01> patch level 5

Systemcall.cpp (276): Systemcall: 'latex "89-663l2019-03-06.tex"' finished with exit code 1
This is pdfTeX, Version 3.14159265-2.6-1.40.19 (TeX Live 2018/Arch Linux) (preloaded format=pdflatex)
 restricted \write18 enabled.
entering extended mode
(./89-663l2019-03-06.tex
LaTeX2e <2018-04-01> patch level 5

This is pdfTeX, Version 3.14159265-2.6-1.40.19 (TeX Live 2018/Arch Linux) (preloaded format=pdflatex)
 restricted \write18 enabled.
entering extended mode
(./89-663l2019-03-06.tex
LaTeX2e <2018-04-01> patch level 5

Traceback (most recent call last):
  File "/usr/share/lyx/scripts/convertDefault.py", line 38, in <module>
    output = output.decode()
AttributeError: 'str' object has no attribute 'decode'
Systemcall.cpp (276): Systemcall: 'python -tt "/usr/share/lyx/scripts/convertDefault.py" png "/tmp/lyx_tmpdir.FahFDokfagsk/lyx_tmpbuf0/0_files_study_lesson-notes_master_89-663-computer-graphics_pasted1.png" eps "/tmp/lyx_tmpdir.FahFDokfagsk/lyx_tmpbuf0/0_files_study_lesson-notes_master_89-663-computer-graphics_pasted1.eps"' finished with exit code 1
This is pdfTeX, Version 3.14159265-2.6-1.40.19 (TeX Live 2018/Arch Linux) (preloaded format=latex)
 restricted \write18 enabled.
entering extended mode
(./89-663l2019-03-06.tex
LaTeX2e <2018-04-01> patch level 5

Systemcall.cpp (276): Systemcall: 'latex "89-663l2019-03-06.tex"' finished with exit code 1
This is pdfTeX, Version 3.14159265-2.6-1.40.19 (TeX Live 2018/Arch Linux) (preloaded format=pdflatex)
 restricted \write18 enabled.
entering extended mode
(./89-663l2019-03-06.tex
LaTeX2e <2018-04-01> patch level 5

This is pdfTeX, Version 3.14159265-2.6-1.40.19 (TeX Live 2018/Arch Linux) (preloaded format=pdflatex)
 restricted \write18 enabled.
entering extended mode
(./89-663l2019-03-06.tex
LaTeX2e <2018-04-01> patch level 5

Traceback (most recent call last):
  File "/usr/share/lyx/scripts/convertDefault.py", line 38, in <module>
    output = output.decode()
AttributeError: 'str' object has no attribute 'decode'
Systemcall.cpp (276): Systemcall: 'python -tt "/usr/share/lyx/scripts/convertDefault.py" png "/tmp/lyx_tmpdir.FahFDokfagsk/lyx_tmpbuf0/0_files_study_lesson-notes_master_89-663-computer-graphics_pasted1.png" eps "/tmp/lyx_tmpdir.FahFDokfagsk/lyx_tmpbuf0/0_files_study_lesson-notes_master_89-663-computer-graphics_pasted1.eps"' finished with exit code 1
This is pdfTeX, Version 3.14159265-2.6-1.40.19 (TeX Live 2018/Arch Linux) (preloaded format=latex)
 restricted \write18 enabled.
entering extended mode
(./89-663l2019-03-06.tex
LaTeX2e <2018-04-01> patch level 5

Systemcall.cpp (276): Systemcall: 'latex "89-663l2019-03-06.tex"' finished with exit code 1
This is pdfTeX, Version 3.14159265-2.6-1.40.19 (TeX Live 2018/Arch Linux) (preloaded format=pdflatex)
 restricted \write18 enabled.
entering extended mode
(./89-663l2019-03-06.tex
LaTeX2e <2018-04-01> patch level 5

This is pdfTeX, Version 3.14159265-2.6-1.40.19 (TeX Live 2018/Arch Linux) (preloaded format=pdflatex)
 restricted \write18 enabled.
entering extended mode
(./89-663l2019-03-06.tex
LaTeX2e <2018-04-01> patch level 5

This is pdfTeX, Version 3.14159265-2.6-1.40.19 (TeX Live 2018/Arch Linux) (preloaded format=pdflatex)
 restricted \write18 enabled.
entering extended mode
(./89-663l2019-03-06.tex
LaTeX2e <2018-04-01> patch level 5

Traceback (most recent call last):
  File "/usr/share/lyx/scripts/convertDefault.py", line 38, in <module>
    output = output.decode()
AttributeError: 'str' object has no attribute 'decode'
Systemcall.cpp (276): Systemcall: 'python -tt "/usr/share/lyx/scripts/convertDefault.py" png "/tmp/lyx_tmpdir.FahFDokfagsk/lyx_tmpbuf0/0_files_study_lesson-notes_master_89-663-computer-graphics_pasted1.png" eps "/tmp/lyx_tmpdir.FahFDokfagsk/lyx_tmpbuf0/0_files_study_lesson-notes_master_89-663-computer-graphics_pasted1.eps"' finished with exit code 1
This is pdfTeX, Version 3.14159265-2.6-1.40.19 (TeX Live 2018/Arch Linux) (preloaded format=latex)
 restricted \write18 enabled.
entering extended mode
(./89-663l2019-03-06.tex
LaTeX2e <2018-04-01> patch level 5

Systemcall.cpp (276): Systemcall: 'latex "89-663l2019-03-06.tex"' finished with exit code 1
This is pdfTeX, Version 3.14159265-2.6-1.40.19 (TeX Live 2018/Arch Linux) (preloaded format=pdflatex)
 restricted \write18 enabled.
entering extended mode
(./89-663l2019-03-06.tex
LaTeX2e <2018-04-01> patch level 5

This is pdfTeX, Version 3.14159265-2.6-1.40.19 (TeX Live 2018/Arch Linux) (preloaded format=pdflatex)
 restricted \write18 enabled.
entering extended mode
(./89-663l2019-03-06.tex
LaTeX2e <2018-04-01> patch level 5

This is pdfTeX, Version 3.14159265-2.6-1.40.19 (TeX Live 2018/Arch Linux) (preloaded format=pdflatex)
 restricted \write18 enabled.
entering extended mode
(./89-663l2019-03-06.tex
LaTeX2e <2018-04-01> patch level 5

Traceback (most recent call last):
  File "/usr/share/lyx/scripts/convertDefault.py", line 38, in <module>
    output = output.decode()
AttributeError: 'str' object has no attribute 'decode'
Systemcall.cpp (276): Systemcall: 'python -tt "/usr/share/lyx/scripts/convertDefault.py" png "/tmp/lyx_tmpdir.FahFDokfagsk/lyx_tmpbuf0/0_files_study_lesson-notes_master_89-663-computer-graphics_pasted1.png" eps "/tmp/lyx_tmpdir.FahFDokfagsk/lyx_tmpbuf0/0_files_study_lesson-notes_master_89-663-computer-graphics_pasted1.eps"' finished with exit code 1
This is pdfTeX, Version 3.14159265-2.6-1.40.19 (TeX Live 2018/Arch Linux) (preloaded format=latex)
 restricted \write18 enabled.
entering extended mode
(./89-663l2019-03-06.tex
LaTeX2e <2018-04-01> patch level 5

Systemcall.cpp (276): Systemcall: 'latex "89-663l2019-03-06.tex"' finished with exit code 1
This is pdfTeX, Version 3.14159265-2.6-1.40.19 (TeX Live 2018/Arch Linux) (preloaded format=pdflatex)
 restricted \write18 enabled.
entering extended mode
(./89-663l2019-03-06.tex
LaTeX2e <2018-04-01> patch level 5

This is pdfTeX, Version 3.14159265-2.6-1.40.19 (TeX Live 2018/Arch Linux) (preloaded format=pdflatex)
 restricted \write18 enabled.
entering extended mode
(./89-663l2019-03-06.tex
LaTeX2e <2018-04-01> patch level 5

